2013-05-19 22:38:08,565 INFO [AWT-EventQueue-0] p.w.obj [obj.java:44] Main windows is running!

2013-05-19 22:38:20,821 INFO [AWT-EventQueue-0] p.w.obj [obj.java:123] Image file opened: 1bhm.jpg

2013-05-19 22:41:59,515 INFO [AWT-EventQueue-0] p.w.obj [obj.java:44] Main windows is running!

2013-05-19 22:42:13,641 INFO [AWT-EventQueue-0] p.w.obj [obj.java:123] Image file opened: AOO High Res Logo PSD FINAL.jpg

2013-05-19 22:45:32,679 INFO [AWT-EventQueue-0] p.w.obj [obj.java:44] Main windows is running!

2013-05-19 22:45:56,606 INFO [AWT-EventQueue-0] p.w.obj [obj.java:123] Image file opened: 171897.jpg

2013-05-19 22:55:20,112 INFO [AWT-EventQueue-0] p.w.obj [obj.java:43] Main windows is running!

2013-05-19 22:55:57,505 INFO [AWT-EventQueue-0] p.w.obj [obj.java:122] Image file opened: documentfoundation_libreoffice_33_draw_sm.png

2013-05-19 22:57:00,473 INFO [AWT-EventQueue-0] p.w.obj [obj.java:43] Main windows is running!

2013-05-19 22:57:07,653 INFO [AWT-EventQueue-0] p.w.obj [obj.java:145] Notes opened!

2013-05-19 23:54:16,423 INFO [AWT-EventQueue-0] vj.o__bj6 [o__bj6.java:43] Main windows is running!

2013-05-19 23:54:18,715 INFO [AWT-EventQueue-0] vj.o__bj6 [o__bj6.java:145] Notes opened!

2013-05-21 01:13:42,931 INFO [AWT-EventQueue-0] v.o_b__j__7__ [o_b__j__7__.java:43] Main windows is running!

2013-05-21 01:14:20,542 INFO [AWT-EventQueue-0] p.w.obj [obj.java:43] Main windows is running!

2013-05-21 01:14:29,281 INFO [AWT-EventQueue-0] p.w.obj [obj.java:43] Main windows is running!

2013-05-22 01:08:19,628 INFO [AWT-EventQueue-0] vj.o__bj8 [o__bj8.java:43] Main windows is running!

2013-05-22 01:08:22,694 INFO [AWT-EventQueue-0] vj.o__bj8 [o__bj8.java:145] Notes opened!

2013-05-23 03:16:28,372 INFO [AWT-EventQueue-0] vj.ob__j9 [ob__j9.java:43] Main windows is running!

2013-05-24 01:40:33,801 INFO [AWT-EventQueue-0] vj.o__bj10 [o__bj10.java:43] Main windows is running!

2013-05-24 01:40:36,373 INFO [AWT-EventQueue-0] vj.o__bj10 [o__bj10.java:145] Notes opened!

2013-05-24 01:40:45,131 INFO [AWT-EventQueue-0] vj.o__bj10 [o__bj10.java:43] Main windows is running!

2013-05-24 01:40:50,440 INFO [AWT-EventQueue-0] vj.o__bj10 [o__bj10.java:145] Notes opened!

2013-05-24 12:38:57,040 INFO [AWT-EventQueue-0] vj.o__bj10 [o__bj10.java:43] Main windows is running!

2013-05-24 12:39:15,040 INFO [AWT-EventQueue-0] p.w.obj [obj.java:43] Main windows is running!

2013-05-24 12:39:36,654 INFO [AWT-EventQueue-0] p.w.obj [obj.java:89] Mp3 file opened: (02) [Sirenia] Sister Nightfall.mp3

2013-05-24 12:39:55,340 INFO [AWT-EventQueue-0] p.w.obj [obj.java:122] Image file opened: AOO High Res Logo PSD FINAL.jpg

2013-05-24 12:39:56,632 INFO [AWT-EventQueue-0] p.w.obj [obj.java:145] Notes opened!

2013-05-24 16:50:00,573 INFO [AWT-EventQueue-0] v.o_b__j__7__ [o_b__j__7__.java:44] Main windows is running!

2013-05-24 16:50:40,292 INFO [AWT-EventQueue-0] v.o_b__j__7__ [o_b__j__7__.java:45] Main windows is running!

2013-05-24 16:54:02,807 INFO [AWT-EventQueue-0] v.o_b__j__7__ [o_b__j__7__.java:47] Main windows is running!

2013-05-24 17:00:09,386 INFO [AWT-EventQueue-0] v.o_b__j__7__ [o_b__j__7__.java:169] Notes opened!

2013-05-24 17:00:28,193 INFO [AWT-EventQueue-0] v.o_b__j__7__ [o_b__j__7__.java:146] Image file opened: cloud-image.jpg

2013-05-24 17:04:55,723 INFO [AWT-EventQueue-0] v.o_b__j__7__ [o_b__j__7__.java:169] Notes opened!

2013-05-24 18:45:59,647 INFO [AWT-EventQueue-0] p.w.obj [obj.java:43] Main windows is running!

2013-05-24 18:46:33,006 INFO [AWT-EventQueue-0] p.w.obj [obj.java:145] Notes opened!

2013-05-24 18:48:42,761 INFO [AWT-EventQueue-0] p.w.obj [obj.java:122] Image file opened: 1bh8.jpg

2013-05-24 18:50:17,990 INFO [AWT-EventQueue-0] p.w.obj [obj.java:145] Notes opened!

2013-05-24 18:53:40,498 INFO [AWT-EventQueue-0] p.w.obj [obj.java:89] Mp3 file opened: 1bhm.jpg

2013-05-24 18:53:53,114 INFO [AWT-EventQueue-0] p.w.obj [obj.java:122] Image file opened: AOO High Res Logo PSD FINAL.jpg

2013-05-24 18:54:02,243 INFO [AWT-EventQueue-0] p.w.obj [obj.java:122] Image file opened: cloud-image.jpg

2013-05-24 18:54:13,055 INFO [AWT-EventQueue-0] p.w.obj [obj.java:122] Image file opened: default.jpeg

2013-05-24 18:54:21,487 INFO [AWT-EventQueue-0] p.w.obj [obj.java:122] Image file opened: calligra words.png

2013-05-24 18:54:29,616 INFO [AWT-EventQueue-0] p.w.obj [obj.java:122] Image file opened: cloud-image.jpg

2013-05-24 19:02:26,309 INFO [AWT-EventQueue-0] p.w.obj [obj.java:43] Main windows is running!

2013-05-24 19:02:36,560 INFO [AWT-EventQueue-0] p.w.obj [obj.java:145] Notes opened!

2013-05-25 03:09:50,967 INFO [AWT-EventQueue-0] vj.o__bj11 [o__bj11.java:43] Main windows is running!

2013-05-25 03:09:54,467 INFO [AWT-EventQueue-0] vj.o__bj11 [o__bj11.java:145] Notes opened!

2013-05-25 21:54:13,048 INFO [AWT-EventQueue-0] v.o_b__j__7__ [o_b__j__7__.java:47] Main windows is running!

2013-05-25 21:54:14,560 INFO [AWT-EventQueue-0] v.o_b__j__7__ [o_b__j__7__.java:177] Notes opened!

2013-05-25 21:54:27,113 INFO [AWT-EventQueue-0] v.o_b__j__7__ [o_b__j__7__.java:177] Notes opened!

2013-05-25 21:56:12,378 INFO [AWT-EventQueue-0] v.o_b__j__7__ [o_b__j__7__.java:47] Main windows is running!

2013-05-25 21:56:13,794 INFO [AWT-EventQueue-0] v.o_b__j__7__ [o_b__j__7__.java:178] Notes opened!

2013-05-25 21:57:46,014 INFO [AWT-EventQueue-0] v.o_b__j__7__ [o_b__j__7__.java:47] Main windows is running!

2013-05-25 21:57:47,453 INFO [AWT-EventQueue-0] v.o_b__j__7__ [o_b__j__7__.java:170] Notes opened!

2013-05-25 22:06:17,459 INFO [AWT-EventQueue-0] p.w.obj [obj.java:43] Main windows is running!

2013-05-25 22:06:25,547 INFO [AWT-EventQueue-0] p.w.obj [obj.java:127] Image file opened: 1bhm.jpg

2013-05-25 22:16:45,907 INFO [AWT-EventQueue-0] p.w.obj [obj.java:43] Main windows is running!

2013-05-25 22:16:47,369 INFO [AWT-EventQueue-0] p.w.obj [obj.java:120] Notes opened!

2013-05-25 22:33:10,736 INFO [AWT-EventQueue-0] p.w.obj [Image.java:67] Image file opened: 6vib.jpg

2013-05-25 22:34:02,584 INFO [AWT-EventQueue-0] p.w.obj [Image.java:67] Image file opened: fanboys_mac_linux.jpg

2013-05-25 22:37:50,773 INFO [AWT-EventQueue-0] p.w.obj [Image.java:67] Image file opened: fanboys_mac_linux.jpg

2013-05-25 22:40:53,694 INFO [AWT-EventQueue-0] p.w.obj [Image.java:70] Image file opened: night-sky.jpg

2013-05-25 22:41:12,675 INFO [AWT-EventQueue-0] p.w.obj [Image.java:70] Image file opened: 1bh8.jpg

2013-05-25 22:46:28,899 INFO [AWT-EventQueue-0] p.w.obj [obj.java:43] Main windows is running!

2013-05-25 22:46:39,450 INFO [AWT-EventQueue-0] p.w.obj [obj.java:43] Main windows is running!

2013-05-25 22:46:56,556 INFO [AWT-EventQueue-0] p.w.obj [obj.java:43] Main windows is running!

2013-05-25 22:49:51,253 INFO [AWT-EventQueue-0] p.w.obj [obj.java:43] Main windows is running!

2013-05-25 22:50:15,428 INFO [AWT-EventQueue-0] p.w.obj [Image.java:70] Image file opened: calligra-logo.png

2013-05-25 22:50:47,763 INFO [AWT-EventQueue-0] p.w.obj [obj.java:43] Main windows is running!

2013-05-25 22:52:05,379 INFO [AWT-EventQueue-0] p.w.obj [obj.java:89] Mp3 file opened: night-sky.jpg

2013-05-25 22:52:16,345 INFO [AWT-EventQueue-0] p.w.obj [obj.java:120] Notes opened!

2013-05-25 22:52:20,009 INFO [AWT-EventQueue-0] p.w.obj [obj.java:120] Notes opened!

2013-05-25 22:52:25,947 INFO [AWT-EventQueue-0] p.w.obj [obj.java:162] Notes opened!

2013-05-25 22:52:28,456 INFO [AWT-EventQueue-0] p.w.obj [obj.java:120] Notes opened!

2013-05-25 22:52:35,749 INFO [AWT-EventQueue-0] p.w.obj [obj.java:89] Mp3 file opened: 6vib.jpg

2013-05-25 22:57:15,322 INFO [AWT-EventQueue-0] p.w.obj [obj.java:43] Main windows is running!

2013-05-25 22:57:40,270 INFO [AWT-EventQueue-0] p.w.obj [Image.java:70] Image file opened: 6vib.jpg

2013-05-25 23:02:25,337 INFO [AWT-EventQueue-0] p.w.obj [obj.java:43] Main windows is running!

2013-05-25 23:02:34,844 INFO [AWT-EventQueue-0] p.w.obj [Image.java:71] Image file opened: AOO High Res Logo PSD FINAL.jpg

2013-05-25 23:03:00,860 INFO [AWT-EventQueue-0] p.w.obj [obj.java:43] Main windows is running!

2013-05-25 23:03:08,190 INFO [AWT-EventQueue-0] p.w.obj [Image.java:71] Image file opened: Ubuntu.jpg

2013-05-25 23:11:43,804 INFO [AWT-EventQueue-0] p.w.obj [obj.java:35] Main windows is running!

2013-05-25 23:11:56,382 INFO [AWT-EventQueue-0] p.w.obj [Mp3.java:71] Mp3 file opened: (02) [Sirenia] Voices Within.mp3

2013-05-25 23:12:19,955 INFO [AWT-EventQueue-0] p.w.obj [obj.java:35] Main windows is running!

2013-05-25 23:12:28,908 INFO [AWT-EventQueue-0] p.w.obj [Mp3.java:71] Mp3 file opened: (02) [Sirenia] Sister Nightfall.mp3

2013-05-25 23:17:08,859 INFO [AWT-EventQueue-0] p.w.obj [obj.java:37] Main windows is running!

2013-05-25 23:17:32,844 INFO [AWT-EventQueue-0] p.w.obj [obj.java:112] Notes opened!

2013-05-25 23:18:51,844 INFO [AWT-EventQueue-0] p.w.obj [obj.java:37] Main windows is running!

2013-05-25 23:21:39,940 INFO [AWT-EventQueue-0] p.w.obj [obj.java:37] Main windows is running!

2013-05-25 23:25:44,670 INFO [AWT-EventQueue-0] p.w.obj [obj.java:37] Main windows is running!

2013-05-25 23:26:12,738 INFO [AWT-EventQueue-0] p.w.obj [obj.java:37] Main windows is running!

2013-05-25 23:29:13,404 INFO [AWT-EventQueue-0] p.w.obj [obj.java:37] Main windows is running!

2013-05-25 23:31:51,592 INFO [AWT-EventQueue-0] p.w.obj [obj.java:39] Main windows is running!

2013-05-25 23:47:58,343 INFO [AWT-EventQueue-0] p.w.Obj [BdNotes.java:53] Notes opened!

2013-05-25 23:50:44,879 INFO [AWT-EventQueue-0] p.w.Obj [Obj.java:35] Main windows is running!

2013-05-25 23:50:46,060 INFO [AWT-EventQueue-0] p.w.Obj [BdNotes.java:53] Notes opened!

2013-05-25 23:51:52,761 INFO [AWT-EventQueue-0] p.w.Obj [Obj.java:35] Main windows is running!

2013-05-25 23:51:54,307 INFO [AWT-EventQueue-0] p.w.Obj [BdNotes.java:53] Notes opened!

2013-05-25 23:53:55,362 INFO [AWT-EventQueue-0] p.w.Obj [Obj.java:35] Main windows is running!

2013-05-25 23:53:56,717 INFO [AWT-EventQueue-0] p.w.Obj [BdNotes.java:52] Notes opened!

2013-05-25 23:55:32,347 INFO [AWT-EventQueue-0] p.w.Obj [Obj.java:33] Main windows is running!

2013-05-25 23:55:33,528 INFO [AWT-EventQueue-0] p.w.Obj [BdNotes.java:51] Notes opened!

2013-05-25 23:56:59,583 INFO [AWT-EventQueue-0] p.w.Obj [BdNotes.java:51] Notes opened!

2013-05-26 00:04:52,739 INFO [AWT-EventQueue-0] p.w.Obj [Obj.java:33] Main windows is running!

2013-05-26 00:06:47,026 INFO [AWT-EventQueue-0] p.w.Obj [Obj.java:33] Main windows is running!

2013-05-26 00:06:48,223 INFO [AWT-EventQueue-0] p.w.Obj [BdNotes.java:45] Notes opened!

2013-05-26 00:13:43,343 INFO [AWT-EventQueue-0] p.w.Obj [Obj.java:33] Main windows is running!

2013-05-26 00:13:45,104 INFO [AWT-EventQueue-0] p.w.Obj [BdNotes.java:45] Notes opened!

2013-05-26 00:19:50,646 INFO [AWT-EventQueue-0] p.w.Obj [Obj.java:35] Main windows is running!

2013-05-26 00:21:28,460 INFO [AWT-EventQueue-0] p.w.Obj [Obj.java:35] Main windows is running!

2013-05-26 00:24:07,109 INFO [AWT-EventQueue-0] p.w.Obj [Obj.java:36] Main windows is running!

2013-05-26 00:24:29,336 INFO [AWT-EventQueue-0] p.w.Obj [BdNotes.java:45] Notes opened!

2013-05-26 00:34:27,167 INFO [AWT-EventQueue-0] p.w.Obj [Obj.java:37] Main windows is running!

2013-05-26 02:24:16,079 INFO [AWT-EventQueue-0] p.w.Obj [Obj.java:36] Main windows is running!

2013-05-26 16:14:53,045 INFO [AWT-EventQueue-0] vj.o__bj12 [o__bj12.java:43] Main windows is running!

2013-05-26 23:55:00,639 INFO [AWT-EventQueue-0] p.w.Obj [Obj.java:36] Main windows is running!

2013-05-26 23:55:02,752 INFO [AWT-EventQueue-0] p.w.Obj [Obj.java:145] Browser ne radi?

2013-05-26 23:55:05,741 INFO [AWT-EventQueue-0] p.w.Obj [Obj.java:145] Browser ne radi?

2013-05-26 23:55:11,116 INFO [AWT-EventQueue-0] p.w.Obj [Obj.java:145] Browser ne radi?

2013-05-26 23:55:11,324 INFO [AWT-EventQueue-0] p.w.Obj [Obj.java:145] Browser ne radi?

2013-05-26 23:55:11,532 INFO [AWT-EventQueue-0] p.w.Obj [Obj.java:145] Browser ne radi?

2013-05-26 23:55:11,772 INFO [AWT-EventQueue-0] p.w.Obj [Obj.java:145] Browser ne radi?

2013-05-26 23:55:15,942 INFO [AWT-EventQueue-0] p.w.Obj [BdNotes.java:45] Notes opened!

2013-05-26 23:55:18,988 INFO [AWT-EventQueue-0] p.w.Obj [Obj.java:145] Browser ne radi?

2013-05-26 23:55:35,267 INFO [AWT-EventQueue-0] p.w.Obj [Obj.java:36] Main windows is running!

2013-05-26 23:55:36,832 INFO [AWT-EventQueue-0] p.w.Obj [Obj.java:145] Browser ne radi?

2013-05-26 23:55:37,588 INFO [AWT-EventQueue-0] p.w.Obj [Obj.java:145] Browser ne radi?

2013-05-26 23:55:37,820 INFO [AWT-EventQueue-0] p.w.Obj [Obj.java:145] Browser ne radi?

2013-05-26 23:55:38,076 INFO [AWT-EventQueue-0] p.w.Obj [Obj.java:145] Browser ne radi?

2013-05-26 23:58:19,388 INFO [AWT-EventQueue-0] p.w.Obj [Obj.java:36] Main windows is running!

2013-05-26 23:58:20,756 INFO [AWT-EventQueue-0] p.w.Obj [Obj.java:145] Browser ne radi?

2013-05-26 23:58:21,595 INFO [AWT-EventQueue-0] p.w.Obj [Obj.java:145] Browser ne radi?

2013-05-26 23:58:21,907 INFO [AWT-EventQueue-0] p.w.Obj [Obj.java:145] Browser ne radi?

2013-05-26 23:58:22,579 INFO [AWT-EventQueue-0] p.w.Obj [Obj.java:145] Browser ne radi?

2013-05-26 23:58:22,819 INFO [AWT-EventQueue-0] p.w.Obj [Obj.java:145] Browser ne radi?

2013-05-26 23:58:23,027 INFO [AWT-EventQueue-0] p.w.Obj [Obj.java:145] Browser ne radi?

2013-05-26 23:58:23,259 INFO [AWT-EventQueue-0] p.w.Obj [Obj.java:145] Browser ne radi?

2013-05-27 00:01:03,603 INFO [AWT-EventQueue-0] p.w.Obj [Obj.java:36] Main windows is running!

2013-05-27 00:01:05,087 INFO [AWT-EventQueue-0] p.w.Obj [Obj.java:145] Browser ne radi?

2013-05-27 00:03:43,242 INFO [AWT-EventQueue-0] p.w.Obj [Obj.java:36] Main windows is running!

2013-05-27 00:03:45,154 INFO [AWT-EventQueue-0] p.w.Obj [Obj.java:145] Browser ne radi?

2013-05-27 00:10:02,831 INFO [AWT-EventQueue-0] p.w.Obj [Obj.java:36] Main windows is running!

2013-05-27 00:10:04,136 INFO [AWT-EventQueue-0] p.w.Obj [Obj.java:145] Browser ne radi?

2013-05-27 00:10:45,449 INFO [AWT-EventQueue-0] p.w.Obj [Obj.java:36] Main windows is running!

2013-05-27 00:10:46,716 INFO [AWT-EventQueue-0] p.w.Obj [Obj.java:145] Browser ne radi?

2013-05-27 00:10:48,318 INFO [AWT-EventQueue-0] p.w.Obj [Obj.java:145] Browser ne radi?

2013-05-27 00:10:48,534 INFO [AWT-EventQueue-0] p.w.Obj [Obj.java:145] Browser ne radi?

2013-05-27 00:10:48,718 INFO [AWT-EventQueue-0] p.w.Obj [Obj.java:145] Browser ne radi?

2013-05-27 00:10:48,918 INFO [AWT-EventQueue-0] p.w.Obj [Obj.java:145] Browser ne radi?

2013-05-27 00:19:43,305 INFO [AWT-EventQueue-0] p.w.Obj [Obj.java:36] Main windows is running!

2013-05-27 00:24:05,914 INFO [AWT-EventQueue-0] p.w.Obj [Obj.java:36] Main windows is running!

2013-05-27 00:24:59,234 INFO [AWT-EventQueue-0] p.w.Obj [Obj.java:36] Main windows is running!

2013-05-27 01:03:17,652 INFO [AWT-EventQueue-0] p.w.Obj [Obj.java:36] Main windows is running!

2013-05-27 01:03:55,059 INFO [AWT-EventQueue-0] p.w.Obj [Obj.java:36] Main windows is running!

2013-05-27 01:04:50,375 INFO [AWT-EventQueue-0] p.w.Obj [Obj.java:36] Main windows is running!

2013-05-28 00:24:10,391 INFO [AWT-EventQueue-0] vj.o__bj13 [o__bj13.java:43] Main windows is running!

2013-05-28 00:24:12,090 INFO [AWT-EventQueue-0] vj.o__bj13 [o__bj13.java:145] Notes opened!

2013-05-29 00:39:39,821 INFO [AWT-EventQueue-0] v.obj1__4__ [obj1__4__.java:43] Main windows is running!

2013-05-29 00:39:47,420 INFO [AWT-EventQueue-0] v.obj1__4__ [obj1__4__.java:145] Notes opened!

2013-05-30 00:45:05,514 INFO [AWT-EventQueue-0] p.w.Obj [Obj.java:36] Main windows is running!

2013-05-30 01:13:35,601 INFO [AWT-EventQueue-0] p.w.Obj [Videopl.java:71] Video file opened: [Asenshi] K - 01 [CCFCEE7B].mkv

2013-05-30 01:13:54,933 INFO [AWT-EventQueue-0] p.w.Obj [Videopl.java:71] Video file opened: [JacobSwaggedUp] Bakuman 02 (HD 1280x720).mp4

2013-05-30 01:16:09,507 INFO [AWT-EventQueue-0] p.w.Obj [Videopl.java:71] Video file opened: [JacobSwaggedUp] Bakuman 03 (HD 1280x720).mp4

2013-05-30 01:18:38,437 INFO [AWT-EventQueue-0] p.w.Obj [Videopl.java:66] Video file opened: [JacobSwaggedUp] Bakuman 03 (HD 1280x720).mp4

2013-05-30 03:03:20,771 INFO [AWT-EventQueue-0] v.o_bj1__5__ [o_bj1__5__.java:43] Main windows is running!

2013-05-30 03:03:22,137 INFO [AWT-EventQueue-0] v.o_bj1__5__ [o_bj1__5__.java:145] Notes opened!

2013-05-30 03:05:46,026 INFO [AWT-EventQueue-0] v.o_bj1__5__ [o_bj1__5__.java:43] Main windows is running!

2013-05-30 10:27:50,792 INFO [AWT-EventQueue-0] p.w.Obj [JCodecv.java:69] Mp3 file opened: [JacobSwaggedUp] Bakuman 01 (HD 1280x720).mp4

2013-05-30 10:32:40,381 INFO [AWT-EventQueue-0] p.w.Obj [JCodecv.java:69] Mp3 file opened: [JacobSwaggedUp] Bakuman 04 (HD 1280x720).mp4

2013-05-30 23:46:03,924 DEBUG [main] c.x.xuggler [NativeLogger.java:90] Could not open output url: [DmonHiro] Hen Zemi 02 (BD 720p) [67953E5F].mkv (../../../../../../../csrc/com/xuggle/xuggler/Container.cpp:436)

2013-05-30 23:46:37,012 DEBUG [main] c.x.xuggler [NativeLogger.java:90] Could not open output url: [JacobSwaggedUp] Bakuman 02 (HD 1280x720).mp4 (../../../../../../../csrc/com/xuggle/xuggler/Container.cpp:436)

2013-05-30 23:47:05,455 DEBUG [main] c.x.xuggler [NativeLogger.java:90] Could not open output url: Hackers 3 - Antitrust.avi (../../../../../../../csrc/com/xuggle/xuggler/Container.cpp:436)

2013-05-31 22:06:20,443 INFO [AWT-EventQueue-0] p.w.Obj [Obj.java:36] Main windows is running!

2013-05-31 22:06:59,317 DEBUG [AWT-EventQueue-0] c.x.f.JNIMemoryAllocator [JNIMemoryAllocator.java:158] retrying (1) allocation of 2764848 bytes

2013-05-31 22:06:59,640 DEBUG [AWT-EventQueue-0] c.x.f.JNIMemoryAllocator [JNIMemoryAllocator.java:158] retrying (1) allocation of 1382448 bytes

2013-05-31 22:07:00,502 DEBUG [Finalizer] c.x.xuggler [NativeLogger.java:90] Closing dangling Container (../../../../../../../csrc/com/xuggle/xuggler/Container.cpp:146)

2013-05-31 22:07:00,502 DEBUG [Finalizer] c.x.xuggler [NativeLogger.java:90] Closing dangling StreamCoder (../../../../../../../csrc/com/xuggle/xuggler/StreamCoder.cpp:96)

2013-05-31 22:07:32,536 INFO [AWT-EventQueue-0] p.w.Obj [Obj.java:36] Main windows is running!

2013-05-31 22:08:07,009 DEBUG [AWT-EventQueue-0] c.x.f.JNIMemoryAllocator [JNIMemoryAllocator.java:158] retrying (1) allocation of 2764848 bytes

2013-05-31 22:08:07,917 DEBUG [Finalizer] c.x.xuggler [NativeLogger.java:90] Closing dangling Container (../../../../../../../csrc/com/xuggle/xuggler/Container.cpp:146)

2013-05-31 22:08:07,917 DEBUG [Finalizer] c.x.xuggler [NativeLogger.java:90] Closing dangling StreamCoder (../../../../../../../csrc/com/xuggle/xuggler/StreamCoder.cpp:96)

2013-05-31 22:09:43,392 INFO [AWT-EventQueue-0] p.w.Obj [Obj.java:36] Main windows is running!

2013-05-31 22:10:17,243 DEBUG [AWT-EventQueue-0] c.x.f.JNIMemoryAllocator [JNIMemoryAllocator.java:158] retrying (1) allocation of 2764848 bytes

2013-05-31 22:10:17,566 DEBUG [AWT-EventQueue-0] c.x.f.JNIMemoryAllocator [JNIMemoryAllocator.java:158] retrying (1) allocation of 2764848 bytes

2013-05-31 22:10:18,532 DEBUG [Finalizer] c.x.xuggler [NativeLogger.java:90] Closing dangling Container (../../../../../../../csrc/com/xuggle/xuggler/Container.cpp:146)

2013-05-31 22:10:19,139 DEBUG [Finalizer] c.x.xuggler [NativeLogger.java:90] Closing dangling StreamCoder (../../../../../../../csrc/com/xuggle/xuggler/StreamCoder.cpp:96)

2013-05-31 22:11:17,039 INFO [AWT-EventQueue-0] p.w.Obj [Obj.java:36] Main windows is running!

2013-05-31 22:11:53,468 DEBUG [AWT-EventQueue-0] c.x.f.JNIMemoryAllocator [JNIMemoryAllocator.java:158] retrying (1) allocation of 2764848 bytes

2013-05-31 22:11:53,851 DEBUG [AWT-EventQueue-0] c.x.f.JNIMemoryAllocator [JNIMemoryAllocator.java:158] retrying (1) allocation of 2764848 bytes

2013-05-31 22:11:55,494 DEBUG [Finalizer] c.x.xuggler [NativeLogger.java:90] Closing dangling Container (../../../../../../../csrc/com/xuggle/xuggler/Container.cpp:146)

2013-05-31 22:11:55,803 DEBUG [Finalizer] c.x.xuggler [NativeLogger.java:90] Closing dangling StreamCoder (../../../../../../../csrc/com/xuggle/xuggler/StreamCoder.cpp:96)

2013-05-31 22:16:26,652 INFO [AWT-EventQueue-0] p.w.Obj [Obj.java:36] Main windows is running!

2013-05-31 22:17:38,273 INFO [AWT-EventQueue-0] p.w.Obj [Obj.java:36] Main windows is running!

2013-05-31 22:22:52,532 INFO [AWT-EventQueue-0] p.w.Obj [Obj.java:36] Main windows is running!

2013-05-31 22:23:30,856 DEBUG [AWT-EventQueue-0] c.x.f.JNIMemoryAllocator [JNIMemoryAllocator.java:158] retrying (1) allocation of 2764848 bytes

2013-05-31 22:23:32,253 DEBUG [AWT-EventQueue-0] c.x.f.JNIMemoryAllocator [JNIMemoryAllocator.java:158] retrying (1) allocation of 2764848 bytes

2013-05-31 22:23:32,652 DEBUG [AWT-EventQueue-0] c.x.f.JNIMemoryAllocator [JNIMemoryAllocator.java:158] retrying (1) allocation of 2764848 bytes

2013-05-31 22:23:34,603 DEBUG [Finalizer] c.x.xuggler [NativeLogger.java:90] Closing dangling Container (../../../../../../../csrc/com/xuggle/xuggler/Container.cpp:146)

2013-05-31 22:23:34,998 DEBUG [Finalizer] c.x.xuggler [NativeLogger.java:90] Closing dangling StreamCoder (../../../../../../../csrc/com/xuggle/xuggler/StreamCoder.cpp:96)

2013-05-31 22:24:48,592 DEBUG [AWT-EventQueue-0] c.x.f.JNIMemoryAllocator [JNIMemoryAllocator.java:158] retrying (1) allocation of 230448 bytes

2013-05-31 22:24:49,542 DEBUG [Finalizer] c.x.xuggler [NativeLogger.java:90] Closing dangling Container (../../../../../../../csrc/com/xuggle/xuggler/Container.cpp:146)

2013-05-31 22:24:49,542 DEBUG [Finalizer] c.x.xuggler [NativeLogger.java:90] Closing dangling StreamCoder (../../../../../../../csrc/com/xuggle/xuggler/StreamCoder.cpp:96)

2013-05-31 22:34:01,911 INFO [AWT-EventQueue-0] p.w.Obj [Obj.java:50] Main windows is running!

2013-05-31 22:34:36,810 DEBUG [AWT-EventQueue-0] c.x.f.JNIMemoryAllocator [JNIMemoryAllocator.java:158] retrying (1) allocation of 2764848 bytes

2013-05-31 22:34:37,201 DEBUG [AWT-EventQueue-0] c.x.f.JNIMemoryAllocator [JNIMemoryAllocator.java:158] retrying (1) allocation of 2764848 bytes

2013-05-31 22:34:38,832 DEBUG [Finalizer] c.x.xuggler [NativeLogger.java:90] Closing dangling Container (../../../../../../../csrc/com/xuggle/xuggler/Container.cpp:146)

2013-05-31 22:34:39,192 DEBUG [Finalizer] c.x.xuggler [NativeLogger.java:90] Closing dangling StreamCoder (../../../../../../../csrc/com/xuggle/xuggler/StreamCoder.cpp:96)

2013-05-31 22:56:38,393 INFO [AWT-EventQueue-0] p.w.Obj [Obj.java:36] Main windows is running!

2013-05-31 22:57:13,727 DEBUG [AWT-EventQueue-0] c.x.f.JNIMemoryAllocator [JNIMemoryAllocator.java:158] retrying (1) allocation of 2764848 bytes

2013-05-31 22:57:14,056 DEBUG [AWT-EventQueue-0] c.x.f.JNIMemoryAllocator [JNIMemoryAllocator.java:158] retrying (1) allocation of 2764848 bytes

2013-05-31 22:57:14,377 DEBUG [AWT-EventQueue-0] c.x.f.JNIMemoryAllocator [JNIMemoryAllocator.java:158] retrying (1) allocation of 2764848 bytes

2013-05-31 22:57:15,725 DEBUG [Finalizer] c.x.xuggler [NativeLogger.java:90] Closing dangling Container (../../../../../../../csrc/com/xuggle/xuggler/Container.cpp:146)

2013-05-31 22:57:16,361 DEBUG [Finalizer] c.x.xuggler [NativeLogger.java:90] Closing dangling StreamCoder (../../../../../../../csrc/com/xuggle/xuggler/StreamCoder.cpp:96)

2013-05-31 23:19:18,547 INFO [AWT-EventQueue-0] p.w.Obj [Obj.java:36] Main windows is running!

2013-05-31 23:20:25,651 INFO [AWT-EventQueue-0] p.w.Obj [Obj.java:36] Main windows is running!

2013-06-01 00:45:12,102 INFO [AWT-EventQueue-0] p.w.Obj [Obj.java:36] Main windows is running!

2013-06-01 20:45:51,222 INFO [AWT-EventQueue-0] p.w.Obj [Obj.java:36] Main windows is running!

2013-06-01 20:46:18,384 INFO [AWT-EventQueue-0] p.w.Obj [BdNotes.java:45] Notes opened!

2013-06-01 20:50:35,981 INFO [AWT-EventQueue-0] p.w.Obj [Obj.java:36] Main windows is running!

2013-06-01 20:51:04,955 INFO [AWT-EventQueue-0] p.w.Obj [Obj.java:36] Main windows is running!

2013-06-01 21:14:15,712 INFO [AWT-EventQueue-0] p.w.Obj [Obj.java:36] Main windows is running!

2013-06-01 21:15:59,707 INFO [AWT-EventQueue-0] p.w.Obj [Obj.java:36] Main windows is running!

2013-06-01 21:18:10,881 INFO [AWT-EventQueue-0] p.w.Obj [Obj.java:36] Main windows is running!

2013-06-01 21:18:12,381 INFO [AWT-EventQueue-0] p.w.Obj [BdNotes.java:45] Notes opened!

2013-06-01 21:18:12,428 INFO [AWT-EventQueue-0] p.w.Obj [BdNotes.java:45] Notes opened!

2013-06-01 21:18:22,217 INFO [AWT-EventQueue-0] p.w.Obj [BdNotes.java:45] Notes opened!

2013-06-01 21:18:22,237 INFO [AWT-EventQueue-0] p.w.Obj [BdNotes.java:45] Notes opened!

2013-06-01 21:18:28,208 INFO [AWT-EventQueue-0] p.w.Obj [BdNotes.java:45] Notes opened!

2013-06-01 21:18:28,237 INFO [AWT-EventQueue-0] p.w.Obj [BdNotes.java:45] Notes opened!

2013-06-01 21:18:44,442 INFO [AWT-EventQueue-0] p.w.Obj [Obj.java:36] Main windows is running!

2013-06-01 21:18:46,257 INFO [AWT-EventQueue-0] p.w.Obj [BdNotes.java:45] Notes opened!

2013-06-01 21:19:22,396 INFO [AWT-EventQueue-0] p.w.Obj [Obj.java:36] Main windows is running!

2013-06-01 21:19:46,786 INFO [AWT-EventQueue-0] p.w.Obj [Image.java:70] Image file opened: 1bh8.jpg

2013-06-01 21:20:26,608 INFO [AWT-EventQueue-0] p.w.Obj [Obj.java:36] Main windows is running!

2013-06-01 21:20:53,160 INFO [AWT-EventQueue-0] p.w.Obj [Image.java:70] Image file opened: 6vib.jpg

2013-06-01 21:21:39,904 INFO [AWT-EventQueue-0] p.w.Obj [Obj.java:36] Main windows is running!

2013-06-01 21:21:49,021 INFO [AWT-EventQueue-0] p.w.Obj [Mp3.java:71] Mp3 file opened: (02) [Sirenia] Voices Within.mp3

2013-06-03 21:13:42,191 INFO [main] p.w.Obj [Xuggler_test2.java:105] Video opening attempt.

2013-06-04 14:45:50,682 INFO [AWT-EventQueue-0] p.w.Obj [Obj.java:37] Main windows is running!

2013-06-04 14:46:25,744 INFO [AWT-EventQueue-0] p.w.Obj [Mp3.java:74] Mp3 file opened: (02) [Sirenia] Sister Nightfall.mp3

2013-06-04 14:46:40,842 INFO [AWT-EventQueue-0] p.w.Obj [Image.java:70] Image file opened: 1bhm.jpg

2013-06-04 14:46:47,189 INFO [AWT-EventQueue-0] p.w.Obj [BdNotes.java:45] Notes opened!

2013-06-04 14:47:21,798 INFO [Thread-7] p.w.Obj [Xuggler_test2.java:105] Video opening attempt.

2013-06-04 14:47:53,339 INFO [AWT-EventQueue-0] p.w.Obj [Obj.java:37] Main windows is running!

2013-06-04 14:52:20,050 INFO [AWT-EventQueue-0] p.w.Obj [Obj.java:37] Main windows is running!

2013-06-04 14:53:44,212 INFO [AWT-EventQueue-0] p.w.Obj [Obj.java:37] Main windows is running!

2013-06-04 14:57:59,176 INFO [main] p.w.Obj [Xuggler_test2.java:105] Video opening attempt.

2013-06-04 14:58:11,730 INFO [AWT-EventQueue-0] p.w.Obj [Obj.java:37] Main windows is running!

2013-06-04 14:58:22,498 INFO [Thread-1] p.w.Obj [Xuggler_test2.java:105] Video opening attempt.

2013-06-04 15:20:00,930 INFO [AWT-EventQueue-0] p.w.Obj [Obj.java:37] Main windows is running!

2013-06-04 23:16:24,945 INFO [AWT-EventQueue-0] p.w.Obj [Obj.java:37] Main windows is running!

2013-06-05 23:18:39,373 INFO [AWT-EventQueue-0] p.w.Obj [Obj.java:37] Main windows is running!

2013-06-05 23:19:09,718 INFO [Thread-1] p.w.Obj [Xuggler_test2.java:95] Video opening attempt.

2013-06-05 23:57:02,762 INFO [AWT-EventQueue-0] p.w.Obj [Obj.java:37] Main windows is running!

2013-06-05 23:57:04,553 INFO [AWT-EventQueue-0] p.w.Obj [BdNotes.java:45] Notes opened!

2013-06-06 00:02:53,283 INFO [AWT-EventQueue-0] p.w.Obj [Obj.java:37] Main windows is running!

2013-06-07 01:04:49,303 INFO [AWT-EventQueue-0] p.w.Obj [Obj.java:37] Main windows is running!

2013-06-07 01:32:37,714 INFO [AWT-EventQueue-0] p.w.Obj [Mp3.java:74] Mp3 file opened: (04) [Sirenia] Euphoria.mp3

2013-06-07 02:52:23,791 INFO [AWT-EventQueue-0] p.w.Obj [Image.java:71] Image file opened: 2d-orange-wallpaper.jpg

2013-06-07 03:24:48,855 INFO [AWT-EventQueue-0] p.w.Obj [BdNotes.java:45] Notes opened!

2013-06-07 10:00:21,822 INFO [AWT-EventQueue-0] p.w.Obj [Obj.java:37] Main windows is running!

2013-06-07 11:59:59,997 INFO [Thread-4] p.w.Obj [Xuggler_test2.java:95] Video opening attempt.

2013-06-07 12:03:16,502 INFO [AWT-EventQueue-0] p.w.Obj [Obj.java:37] Main windows is running!

2013-06-07 12:03:28,528 INFO [Thread-1] p.w.Obj [Xuggler_test2.java:95] Video opening attempt.

2013-06-07 16:24:29,320 INFO [AWT-EventQueue-0] p.w.Obj [Obj.java:37] Main windows is running!

2013-06-07 16:24:56,920 INFO [Thread-3] p.w.Obj [Xuggler_test2.java:95] Video opening attempt.

2013-06-07 16:25:19,645 INFO [AWT-EventQueue-0] p.w.Obj [Obj.java:37] Main windows is running!

2013-06-07 16:25:44,831 INFO [AWT-EventQueue-0] p.w.Obj [BdNotes.java:45] Notes opened!

2013-06-07 16:31:40,483 INFO [AWT-EventQueue-0] p.w.Obj [Obj.java:37] Main windows is running!

2013-06-07 16:31:50,011 INFO [Thread-1] p.w.Obj [Xuggler_test2.java:95] Video opening attempt.

2013-06-08 13:13:46,214 INFO [AWT-EventQueue-0] p.w.Obj [Obj.java:37] Main windows is running!

2013-06-08 13:14:04,830 INFO [Thread-1] p.w.Obj [Xuggler_test2.java:95] Video opening attempt.

2013-06-08 15:07:50,099 INFO [AWT-EventQueue-0] p.w.Obj [Obj.java:37] Main windows is running!

2013-06-08 15:08:02,790 INFO [Thread-1] p.w.Obj [Xuggler_test2.java:95] Video opening attempt.

2013-06-08 16:50:21,250 INFO [AWT-EventQueue-0] p.w.Obj [Obj.java:37] Main windows is running!

2013-06-08 16:50:29,271 INFO [Thread-1] p.w.Obj [Xuggler_test2.java:95] Video opening attempt.

2013-06-08 19:57:10,080 INFO [AWT-EventQueue-0] p.w.Obj [Obj.java:37] Main windows is running!

2013-06-08 19:57:19,756 INFO [Thread-1] p.w.Obj [Xuggler_test2.java:95] Video opening attempt.

2013-06-09 13:19:33,628 INFO [AWT-EventQueue-0] p.w.Obj [Obj.java:37] Main windows is running!

2013-06-09 13:38:39,802 INFO [AWT-EventQueue-0] p.w.Obj [Obj.java:37] Main windows is running!

2013-06-09 13:39:55,931 INFO [AWT-EventQueue-0] p.w.Obj [Obj.java:37] Main windows is running!

2013-06-09 16:03:28,354 INFO [AWT-EventQueue-0] p.w.Obj [Obj.java:37] Main windows is running!

2013-06-09 18:05:23,597 INFO [AWT-EventQueue-0] p.w.Obj [Obj.java:37] Main windows is running!

2013-06-09 22:24:51,787 INFO [AWT-EventQueue-0] p.w.Obj [Obj.java:37] Main windows is running!

2013-06-09 22:25:05,231 INFO [Thread-1] p.w.Obj [Xuggler_test2.java:95] Video opening attempt.

2013-06-09 22:26:59,949 INFO [AWT-EventQueue-0] p.w.Obj [Obj.java:37] Main windows is running!

2013-06-09 22:27:07,098 INFO [Thread-1] p.w.Obj [Xuggler_test2.java:95] Video opening attempt.

2013-06-09 22:27:25,012 INFO [AWT-EventQueue-0] p.w.Obj [Obj.java:37] Main windows is running!

2013-06-09 22:27:32,637 INFO [Thread-1] p.w.Obj [Xuggler_test2.java:95] Video opening attempt.

2013-06-09 22:27:43,945 INFO [AWT-EventQueue-0] p.w.Obj [BdNotes.java:45] Notes opened!

2013-06-09 22:27:44,034 INFO [AWT-EventQueue-0] p.w.Obj [BdNotes.java:45] Notes opened!

2013-06-09 22:28:16,597 INFO [AWT-EventQueue-0] p.w.Obj [Obj.java:37] Main windows is running!

2013-06-09 22:28:23,714 INFO [Thread-1] p.w.Obj [Xuggler_test2.java:95] Video opening attempt.

2013-06-09 22:30:19,613 INFO [AWT-EventQueue-0] p.w.Obj [Obj.java:37] Main windows is running!

2013-06-09 22:30:30,141 INFO [Thread-1] p.w.Obj [Xuggler_test2.java:95] Video opening attempt.

2013-06-09 22:31:50,835 INFO [AWT-EventQueue-0] p.w.Obj [Obj.java:37] Main windows is running!

2013-06-09 22:31:59,600 INFO [Thread-1] p.w.Obj [Xuggler_test2.java:95] Video opening attempt.

2013-06-09 22:43:23,326 INFO [AWT-EventQueue-0] p.w.Obj [Obj.java:37] Main windows is running!

2013-06-09 22:43:33,697 INFO [Thread-1] p.w.Obj [Xuggler_test2.java:97] Video opening attempt.

2013-06-09 22:44:47,297 INFO [AWT-EventQueue-0] p.w.Obj [Obj.java:37] Main windows is running!

2013-06-09 22:44:59,307 INFO [Thread-1] p.w.Obj [Xuggler_test2.java:97] Video opening attempt.

2013-06-09 22:45:35,325 INFO [AWT-EventQueue-0] p.w.Obj [Obj.java:37] Main windows is running!

2013-06-09 22:46:18,853 INFO [AWT-EventQueue-0] p.w.Obj [Obj.java:37] Main windows is running!

2013-06-09 22:46:25,971 INFO [Thread-1] p.w.Obj [Xuggler_test2.java:95] Video opening attempt.

2013-06-09 22:47:41,167 INFO [AWT-EventQueue-0] p.w.Obj [Obj.java:37] Main windows is running!

2013-06-09 22:47:54,251 INFO [Thread-1] p.w.Obj [Xuggler_test2.java:95] Video opening attempt.

2013-06-09 22:49:03,669 INFO [AWT-EventQueue-0] p.w.Obj [Obj.java:37] Main windows is running!

2013-06-09 22:49:11,681 INFO [Thread-1] p.w.Obj [Xuggler_test2.java:97] Video opening attempt.

2013-06-09 22:55:56,998 INFO [AWT-EventQueue-0] p.w.Obj [Obj.java:37] Main windows is running!

2013-06-09 22:56:08,121 INFO [Thread-1] p.w.Obj [Xuggler_test2.java:98] Video opening attempt.

2013-06-09 22:57:03,224 INFO [AWT-EventQueue-0] p.w.Obj [Obj.java:37] Main windows is running!

2013-06-09 22:57:10,965 INFO [Thread-1] p.w.Obj [Xuggler_test2.java:97] Video opening attempt.

2013-06-09 22:57:41,579 INFO [AWT-EventQueue-0] p.w.Obj [Obj.java:37] Main windows is running!

2013-06-09 22:57:48,898 INFO [Thread-1] p.w.Obj [Xuggler_test2.java:97] Video opening attempt.

2013-06-09 23:01:09,552 INFO [AWT-EventQueue-0] p.w.Obj [Obj.java:37] Main windows is running!

2013-06-09 23:01:31,193 INFO [Thread-2] p.w.Obj [Xuggler_test2.java:97] Video opening attempt.

2013-06-09 23:02:53,251 INFO [AWT-EventQueue-0] p.w.Obj [Obj.java:37] Main windows is running!

2013-06-09 23:03:00,646 INFO [Thread-1] p.w.Obj [Xuggler_test2.java:97] Video opening attempt.

2013-06-09 23:03:42,441 DEBUG [Thread-1] c.x.f.JNIMemoryAllocator [JNIMemoryAllocator.java:158] retrying (1) allocation of 1382448 bytes

2013-06-09 23:20:44,021 INFO [AWT-EventQueue-0] p.w.Obj [Obj.java:37] Main windows is running!

2013-06-09 23:20:51,487 INFO [Thread-1] p.w.Obj [Xuggler_test2.java:101] Video opening attempt.

2013-06-09 23:25:34,611 INFO [AWT-EventQueue-0] p.w.Obj [Obj.java:37] Main windows is running!

2013-06-09 23:25:40,752 INFO [Thread-1] p.w.Obj [Xuggler_test2.java:101] Video opening attempt.

2013-06-09 23:26:50,902 INFO [AWT-EventQueue-0] p.w.Obj [Obj.java:37] Main windows is running!

2013-06-09 23:27:00,133 INFO [Thread-1] p.w.Obj [Xuggler_test2.java:101] Video opening attempt.

2013-06-09 23:27:29,670 INFO [AWT-EventQueue-0] p.w.Obj [Obj.java:37] Main windows is running!

2013-06-09 23:27:38,435 INFO [Thread-1] p.w.Obj [Xuggler_test2.java:101] Video opening attempt.

2013-06-09 23:28:09,867 DEBUG [Thread-1] c.x.f.JNIMemoryAllocator [JNIMemoryAllocator.java:158] retrying (1) allocation of 2764848 bytes

2013-06-09 23:28:21,280 INFO [AWT-EventQueue-0] p.w.Obj [Obj.java:37] Main windows is running!

2013-06-09 23:28:30,129 INFO [Thread-1] p.w.Obj [Xuggler_test2.java:101] Video opening attempt.

2013-06-09 23:29:01,790 DEBUG [Thread-1] c.x.f.JNIMemoryAllocator [JNIMemoryAllocator.java:158] retrying (1) allocation of 1382448 bytes

2013-06-09 23:30:36,321 INFO [AWT-EventQueue-0] p.w.Obj [Obj.java:37] Main windows is running!

2013-06-09 23:30:44,032 INFO [Thread-1] p.w.Obj [Xuggler_test2.java:101] Video opening attempt.

2013-06-09 23:33:26,617 INFO [AWT-EventQueue-0] p.w.Obj [Obj.java:37] Main windows is running!

2013-06-09 23:33:34,447 INFO [Thread-1] p.w.Obj [Xuggler_test2.java:101] Video opening attempt.

2013-06-09 23:34:35,154 INFO [AWT-EventQueue-0] p.w.Obj [Obj.java:37] Main windows is running!

2013-06-09 23:34:43,394 INFO [Thread-1] p.w.Obj [Xuggler_test2.java:101] Video opening attempt.

2013-06-09 23:37:58,444 INFO [AWT-EventQueue-0] p.w.Obj [Obj.java:37] Main windows is running!

2013-06-09 23:38:07,141 INFO [Thread-1] p.w.Obj [Xuggler_test2.java:101] Video opening attempt.

2013-06-09 23:38:23,997 INFO [AWT-EventQueue-0] p.w.Obj [Obj.java:37] Main windows is running!

2013-06-09 23:38:30,652 INFO [Thread-1] p.w.Obj [Xuggler_test2.java:101] Video opening attempt.

2013-06-09 23:39:10,315 INFO [AWT-EventQueue-0] p.w.Obj [Obj.java:37] Main windows is running!

2013-06-09 23:39:18,610 INFO [Thread-1] p.w.Obj [Xuggler_test2.java:101] Video opening attempt.

2013-06-09 23:39:39,192 INFO [AWT-EventQueue-0] p.w.Obj [BdNotes.java:45] Notes opened!

2013-06-09 23:39:52,359 INFO [Thread-4] p.w.Obj [Xuggler_test2.java:101] Video opening attempt.

2013-06-09 23:40:15,879 INFO [AWT-EventQueue-0] p.w.Obj [Obj.java:37] Main windows is running!

2013-06-09 23:40:25,460 INFO [Thread-1] p.w.Obj [Xuggler_test2.java:101] Video opening attempt.

2013-06-09 23:40:41,711 INFO [Thread-3] p.w.Obj [Xuggler_test2.java:101] Video opening attempt.

2013-06-10 00:12:31,695 INFO [AWT-EventQueue-0] p.w.Obj [Obj.java:37] Main windows is running!

2013-06-10 00:12:38,842 INFO [Thread-1] p.w.Obj [Xuggler_test2.java:99] Video opening attempt.

2013-06-10 12:30:37,011 INFO [AWT-EventQueue-0] p.w.Obj [Obj.java:37] Main windows is running!

2013-06-10 12:30:50,480 INFO [Thread-1] p.w.Obj [Xuggler_test2.java:102] Video opening attempt.

2013-06-10 12:32:06,689 INFO [AWT-EventQueue-0] p.w.Obj [Obj.java:37] Main windows is running!

2013-06-10 12:32:29,205 INFO [Thread-1] p.w.Obj [Xuggler_test2.java:102] Video opening attempt.

2013-06-10 12:33:56,514 INFO [AWT-EventQueue-0] p.w.Obj [Obj.java:37] Main windows is running!

2013-06-10 12:34:02,700 INFO [Thread-1] p.w.Obj [Xuggler_test2.java:99] Video opening attempt.

2013-06-10 12:35:13,267 INFO [AWT-EventQueue-0] p.w.Obj [Obj.java:37] Main windows is running!

2013-06-10 12:35:25,407 INFO [Thread-1] p.w.Obj [Xuggler_test2.java:90] Video opening attempt.

2013-06-10 12:48:05,610 INFO [AWT-EventQueue-0] p.w.Obj [Obj.java:37] Main windows is running!

2013-06-10 12:48:16,011 INFO [AWT-EventQueue-0] p.w.Obj [Image.java:71] Image file opened: 1bhm.jpg

2013-06-11 16:52:53,678 INFO [AWT-EventQueue-0] p.w.Obj [Obj.java:37] Main windows is running!

2013-06-11 16:53:08,179 INFO [AWT-EventQueue-0] p.w.Obj [Mp3.java:74] Mp3 file opened: (04) [Sirenia] Euphoria.mp3

2013-06-11 16:53:25,281 INFO [AWT-EventQueue-0] p.w.Obj [Image.java:71] Image file opened: java-bug.jpg

2013-06-11 16:54:07,593 INFO [AWT-EventQueue-0] p.w.Obj [BdNotes.java:45] Notes opened!

2013-06-11 16:56:15,854 INFO [Thread-10] p.w.Obj [Xuggler_test2.java:99] Video opening attempt.

2013-06-12 17:56:36,331 INFO [AWT-EventQueue-0] p.w.Obj [Obj.java:37] Main windows is running!

2013-06-12 17:57:28,028 INFO [AWT-EventQueue-0] p.w.Obj [Mp3.java:74] Mp3 file opened: (02) [Sirenia] Voices Within.mp3

2013-06-12 17:57:54,776 INFO [AWT-EventQueue-0] p.w.Obj [Mp3.java:74] Mp3 file opened: (04) [Sirenia] Euphoria.mp3

2013-06-12 17:58:21,625 INFO [AWT-EventQueue-0] p.w.Obj [Image.java:71] Image file opened: bdsuite.png

2013-06-12 17:58:32,937 INFO [AWT-EventQueue-0] p.w.Obj [BdNotes.java:45] Notes opened!

2013-06-12 17:59:44,880 INFO [AWT-EventQueue-0] p.w.Obj [Obj.java:37] Main windows is running!

2013-06-12 17:59:56,776 INFO [Thread-1] p.w.Obj [Xuggler_test2.java:81] Video opening attempt.

2013-06-13 09:39:25,144 INFO [AWT-EventQueue-0] p.w.Obj [Obj.java:37] Main windows is running!

2013-06-13 09:39:56,494 INFO [Thread-1] p.w.Obj [Xuggler_test2.java:81] Video opening attempt.

2013-06-14 02:26:29,645 INFO [AWT-EventQueue-0] vj.vj [vj.java:42] Main windows is running!

2013-06-14 02:26:31,908 INFO [AWT-EventQueue-0] p.w.Obj [BdNotes.java:45] Notes opened!

2013-06-15 00:14:06,224 INFO [AWT-EventQueue-0] vj.Objvj1 [Objvj1.java:43] Main windows is running!

2013-06-15 00:14:08,507 INFO [AWT-EventQueue-0] p.w.Obj [BdNotes.java:45] Notes opened!

2013-06-15 00:14:31,961 INFO [AWT-EventQueue-0] p.w.Obj [Mp3.java:74] Mp3 file opened: (02) [Sirenia] Voices Within.mp3

2013-06-16 00:27:16,744 INFO [AWT-EventQueue-0] v.Objvj__2__ [Objvj__2__.java:43] Main windows is running!

2013-06-16 00:27:19,982 INFO [AWT-EventQueue-0] p.w.Obj [BdNotes.java:45] Notes opened!

2013-06-17 00:36:24,899 INFO [AWT-EventQueue-0] vj.Objvj3 [Objvj3.java:43] Main windows is running!

2013-06-17 00:36:27,132 INFO [AWT-EventQueue-0] p.w.Obj [BdNotes.java:45] Notes opened!

2013-06-17 00:36:41,648 INFO [AWT-EventQueue-0] p.w.Obj [Image.java:71] Image file opened: fractal-landscape-in-orange-and-light-blue-stock-photo-andrew-1363514353_org.jpg

2013-06-18 01:33:57,920 INFO [AWT-EventQueue-0] v.Objvj__4__ [Objvj__4__.java:43] Main windows is running!

2013-06-18 01:34:00,091 INFO [AWT-EventQueue-0] p.w.Obj [BdNotes.java:45] Notes opened!

2013-06-18 01:34:26,061 INFO [AWT-EventQueue-0] p.w.Obj [Image.java:71] Image file opened: default.jpeg

2013-06-18 21:31:53,076 INFO [AWT-EventQueue-0] v.Objvj__4__ [Objvj__4__.java:43] Main windows is running!

2013-06-18 21:32:04,970 INFO [Thread-1] p.w.Obj [Xuggler_test2.java:81] Video opening attempt.

2013-06-20 19:05:59,569 INFO [AWT-EventQueue-0] p.w.Obj [Obj.java:36] Main windows is running!

2013-06-20 22:35:46,998 INFO [AWT-EventQueue-0] p.w.Obj [Obj.java:36] Main windows is running!

2013-06-26 23:22:07,855 INFO [AWT-EventQueue-0] v.o.obj__vj1 [obj__vj1.java:43] Main windows is running!

2013-06-26 23:22:41,602 INFO [AWT-EventQueue-0] p.w.Obj [BdNotes.java:45] Notes opened!

2013-10-22 18:46:39,396 INFO [AWT-EventQueue-0] p.w.Obj [Obj.java:36] Main windows is running!

2013-10-22 18:57:56,417 INFO [AWT-EventQueue-0] p.w.Obj [Obj.java:36] Main windows is running!

2013-10-22 18:59:44,538 INFO [AWT-EventQueue-0] p.w.Obj [Obj.java:36] Main windows is running!

2013-10-22 19:02:32,161 INFO [AWT-EventQueue-0] p.w.Obj [Obj.java:36] Main windows is running!

2013-10-22 19:02:35,665 INFO [AWT-EventQueue-0] p.w.Obj [BdNotes.java:45] Notes opened!

2013-10-26 01:01:54,809 INFO [AWT-EventQueue-0] p.w.Obj [Obj.java:37] Main windows is running!

2013-10-26 01:02:20,352 INFO [AWT-EventQueue-0] p.w.Obj [Obj.java:37] Main windows is running!

2013-11-12 19:02:54,242 INFO [AWT-EventQueue-0] p.w.Obj [Obj.java:37] Main windows is running!

2013-11-12 19:03:25,669 INFO [AWT-EventQueue-0] p.w.Obj [Obj.java:37] Main windows is running!

2013-11-17 23:40:19,982 INFO [AWT-EventQueue-0] p.w.Obj [Obj.java:37] Main windows is running!

2013-12-02 09:57:12,808 INFO [AWT-EventQueue-0] p.w.Obj [Obj.java:37] Main windows is running!

2013-12-30 23:39:03,026 INFO [AWT-EventQueue-0] p.w.Obj [Obj.java:37] Main windows is running!

2013-12-30 23:40:12,410 INFO [AWT-EventQueue-0] p.w.Obj [Obj.java:37] Main windows is running!

2013-12-30 23:41:32,030 INFO [AWT-EventQueue-0] p.w.Obj [Obj.java:37] Main windows is running!

